<?xml version="1.0" encoding="UTF-8"?>
<!-- Generated by org.testng.reporters.JUnitReportReporter -->
<testsuite hostname="Kamals-MacBook-Pro.local" failures="0" tests="1" name="Memberse.IOSAutomation.iWidgetSwipeTest" time="12.177" errors="0" timestamp="2022-08-01T18:49:24 IST" skipped="0">
  <testcase classname="Memberse.IOSAutomation.iWidgetSwipeTest" name="iWidgetSwipeTestCase" time="12.177"/>
  <system-out/>
</testsuite> <!-- Memberse.IOSAutomation.iWidgetSwipeTest -->
