<?xml version="1.0" encoding="UTF-8"?>
<!-- Generated by org.testng.reporters.JUnitReportReporter -->
<testsuite hostname="Kamals-MacBook-Pro.local" failures="0" tests="1" name="Memberse.IOSAutomation.iTutorialSwipeTest" time="8.714" errors="0" timestamp="2022-08-17T11:13:07 IST" skipped="0">
  <testcase classname="Memberse.IOSAutomation.iTutorialSwipeTest" name="iTutorialSwipeTestCase" time="8.714"/>
  <system-out/>
</testsuite> <!-- Memberse.IOSAutomation.iTutorialSwipeTest -->
