<?xml version="1.0" encoding="UTF-8"?>
<!-- Generated by org.testng.reporters.JUnitReportReporter -->
<testsuite hostname="Kamals-MacBook-Pro.local" failures="0" tests="1" name="Memberse.IOSAutomation.iEmailFormValidationTest" time="14.955" errors="0" timestamp="2022-08-17T11:17:01 IST" skipped="0">
  <testcase classname="Memberse.IOSAutomation.iEmailFormValidationTest" name="iEmailFormValidationTestCase" time="14.955"/>
  <system-out/>
</testsuite> <!-- Memberse.IOSAutomation.iEmailFormValidationTest -->
