<?xml version="1.0" encoding="UTF-8"?>
<!-- Generated by org.testng.reporters.JUnitReportReporter -->
<testsuite hostname="Kamals-MacBook-Pro.local" failures="0" tests="1" name="Memberse.IOSAutomation.iWidgetSwipeTest" time="11.187" errors="0" timestamp="2022-08-11T16:04:42 IST" skipped="0">
  <testcase classname="Memberse.IOSAutomation.iWidgetSwipeTest" name="iWidgetSwipeTestCase" time="11.187"/>
  <system-out/>
</testsuite> <!-- Memberse.IOSAutomation.iWidgetSwipeTest -->
