<?xml version="1.0" encoding="UTF-8"?>
<!-- Generated by org.testng.reporters.JUnitReportReporter -->
<testsuite hostname="Kamals-MacBook-Pro.local" failures="0" tests="1" name="Memberse.IOSAutomation.iLoginWithEmailTest" time="17.754" errors="0" timestamp="2022-08-11T16:19:03 IST" skipped="0">
  <testcase classname="Memberse.IOSAutomation.iLoginWithEmailTest" name="LoginTestCasewithEmail" time="17.754"/>
  <system-out/>
</testsuite> <!-- Memberse.IOSAutomation.iLoginWithEmailTest -->
