<?xml version="1.0" encoding="UTF-8"?>
<!-- Generated by org.testng.reporters.JUnitReportReporter -->
<testsuite hostname="Kamals-MacBook-Pro.local" failures="0" tests="1" name="Memberse.IOSAutomation.iLoginWithEmailTest" time="18.077" errors="0" timestamp="2022-08-17T12:09:17 IST" skipped="0">
  <testcase classname="Memberse.IOSAutomation.iLoginWithEmailTest" name="iLoginwithEmailTestCase" time="18.077"/>
  <system-out/>
</testsuite> <!-- Memberse.IOSAutomation.iLoginWithEmailTest -->
