<?xml version="1.0" encoding="UTF-8"?>
<!-- Generated by org.testng.reporters.JUnitReportReporter -->
<testsuite hostname="Kamals-MacBook-Pro.local" failures="0" tests="1" name="Memberse.IOSAutomation.iLoginWithGoogleTest" time="32.656" errors="0" timestamp="2022-08-11T22:12:41 IST" skipped="0">
  <testcase classname="Memberse.IOSAutomation.iLoginWithGoogleTest" name="iLoginWithGoogleTestCase" time="32.656"/>
  <system-out/>
</testsuite> <!-- Memberse.IOSAutomation.iLoginWithGoogleTest -->
