<?xml version="1.0" encoding="UTF-8"?>
<!-- Generated by org.testng.reporters.JUnitReportReporter -->
<testsuite hostname="Kamals-MacBook-Pro.local" failures="0" tests="1" name="Memberse.IOSAutomation.iRegisterFormValidationTest" time="33.530" errors="0" timestamp="2022-11-24T13:02:37 IST" skipped="0">
  <testcase classname="Memberse.IOSAutomation.iRegisterFormValidationTest" name="iRegisterFormValidationTestCase" time="33.530"/>
  <system-out/>
</testsuite> <!-- Memberse.IOSAutomation.iRegisterFormValidationTest -->
