<?xml version="1.0" encoding="UTF-8"?>
<!-- Generated by org.testng.reporters.JUnitReportReporter -->
<testsuite hostname="Kamals-MacBook-Pro.local" failures="0" tests="1" name="Memberse.IOSAutomation.iEmailFormValidationTest" time="8.331" errors="0" timestamp="2022-09-05T16:37:56 IST" skipped="0">
  <testcase classname="Memberse.IOSAutomation.iEmailFormValidationTest" name="iEmailFormValidationTestCase" time="8.331"/>
  <system-out/>
</testsuite> <!-- Memberse.IOSAutomation.iEmailFormValidationTest -->
