<?xml version="1.0" encoding="UTF-8"?>
<!-- Generated by org.testng.reporters.JUnitReportReporter -->
<testsuite hostname="Kamals-MacBook-Pro.local" failures="0" tests="1" name="Memberse.IOSAutomation.SampleTest" time="8.678" errors="0" timestamp="2022-07-22T22:36:56 IST" skipped="0">
  <testcase classname="Memberse.IOSAutomation.SampleTest" name="SampleTestCase" time="8.678"/>
  <system-out/>
</testsuite> <!-- Memberse.IOSAutomation.SampleTest -->
