<?xml version="1.0" encoding="UTF-8"?>
<!-- Generated by org.testng.reporters.JUnitReportReporter -->
<testsuite hostname="Kamals-MacBook-Pro.local" failures="0" tests="1" name="Memberse.IOSAutomation.iSmokeTest" time="83.137" errors="0" timestamp="2022-11-18T14:01:25 IST" skipped="0">
  <testcase classname="Memberse.IOSAutomation.iSmokeTest" name="iTutorialSwipeTestCase" time="83.137"/>
  <system-out/>
</testsuite> <!-- Memberse.IOSAutomation.iSmokeTest -->
