<?xml version="1.0" encoding="UTF-8"?>
<!-- Generated by org.testng.reporters.JUnitReportReporter -->
<testsuite hostname="Kamals-MacBook-Pro.local" failures="0" tests="1" name="Memberse.IOSAutomation.iLoginWithAppleTest" time="13.614" errors="0" timestamp="2022-08-10T13:16:49 IST" skipped="0">
  <testcase classname="Memberse.IOSAutomation.iLoginWithAppleTest" name="iLoginWithAppleTestCase" time="13.614"/>
  <system-out/>
</testsuite> <!-- Memberse.IOSAutomation.iLoginWithAppleTest -->
