<?xml version="1.0" encoding="UTF-8"?>
<!-- Generated by org.testng.reporters.JUnitReportReporter -->
<testsuite hostname="Kamals-MacBook-Pro.local" failures="0" tests="1" name="Memberse.IOSAutomation.iEmailFormValidationTest" time="22.257" errors="0" timestamp="2022-11-24T13:04:17 IST" skipped="0">
  <testcase classname="Memberse.IOSAutomation.iEmailFormValidationTest" name="iEmailFormValidationTestCase" time="22.257"/>
  <system-out/>
</testsuite> <!-- Memberse.IOSAutomation.iEmailFormValidationTest -->
