<?xml version="1.0" encoding="UTF-8"?>
<!-- Generated by org.testng.reporters.JUnitReportReporter -->
<testsuite skipped="0" hostname="Kamals-MacBook-Pro.local" name="Memberse.IOSAutomation.iEmailFormValidationTest" tests="1" failures="0" timestamp="2022-12-02T19:24:51 IST" time="20.380" errors="0">
  <testcase name="iEmailFormValidationTestCase" time="20.380" classname="Memberse.IOSAutomation.iEmailFormValidationTest"/>
  <system-out/>
</testsuite> <!-- Memberse.IOSAutomation.iEmailFormValidationTest -->
