<?xml version="1.0" encoding="UTF-8"?>
<!-- Generated by org.testng.reporters.JUnitReportReporter -->
<testsuite skipped="0" hostname="Kamals-MacBook-Pro.local" name="Memberse.IOSAutomation.iSmokeTest" tests="1" failures="0" timestamp="2022-12-02T19:14:13 IST" time="22.714" errors="0">
  <testcase name="iSmokeTestCase" time="22.714" classname="Memberse.IOSAutomation.iSmokeTest"/>
  <system-out/>
</testsuite> <!-- Memberse.IOSAutomation.iSmokeTest -->
