<?xml version="1.0" encoding="UTF-8"?>
<!-- Generated by org.testng.reporters.JUnitReportReporter -->
<testsuite hostname="Kamals-MacBook-Pro.local" failures="0" tests="1" name="Memberse.IOSAutomation.iWidgetSwipeTest" time="20.608" errors="0" timestamp="2022-08-02T15:21:58 IST" skipped="0">
  <testcase classname="Memberse.IOSAutomation.iWidgetSwipeTest" name="iWidgetSwipeTestCase" time="20.608"/>
  <system-out/>
</testsuite> <!-- Memberse.IOSAutomation.iWidgetSwipeTest -->
