<?xml version="1.0" encoding="UTF-8"?>
<!-- Generated by org.testng.reporters.JUnitReportReporter -->
<testsuite hostname="Kamals-MacBook-Pro.local" failures="0" tests="1" name="Memberse.IOSAutomation.iRegisterFormValidationTest" time="14.287" errors="0" timestamp="2022-09-05T15:49:17 IST" skipped="0">
  <testcase classname="Memberse.IOSAutomation.iRegisterFormValidationTest" name="iRegisterFormValidationTestCase" time="14.287"/>
  <system-out/>
</testsuite> <!-- Memberse.IOSAutomation.iRegisterFormValidationTest -->
