<?xml version="1.0" encoding="UTF-8"?>
<!-- Generated by org.testng.reporters.JUnitReportReporter -->
<testsuite hostname="Kamals-MacBook-Pro.local" failures="0" tests="1" name="Memberse.IOSAutomation.TestApp2" time="7.719" errors="0" timestamp="2022-07-22T22:38:30 IST" skipped="0">
  <testcase classname="Memberse.IOSAutomation.TestApp2" name="TestApp2Case" time="7.719"/>
  <system-out/>
</testsuite> <!-- Memberse.IOSAutomation.TestApp2 -->
