<?xml version="1.0" encoding="UTF-8"?>
<!-- Generated by org.testng.reporters.JUnitReportReporter -->
<testsuite skipped="0" hostname="Kamals-MacBook-Pro.local" name="Memberse.IOSAutomation.iRegisterFormValidationTest" tests="1" failures="0" timestamp="2022-12-02T19:20:43 IST" time="35.946" errors="0">
  <testcase name="iRegisterFormValidationTestCase" time="35.946" classname="Memberse.IOSAutomation.iRegisterFormValidationTest"/>
  <system-out/>
</testsuite> <!-- Memberse.IOSAutomation.iRegisterFormValidationTest -->
