<?xml version="1.0" encoding="UTF-8"?>
<!-- Generated by org.testng.reporters.JUnitReportReporter -->
<testsuite hostname="Kamals-MacBook-Pro.local" failures="0" tests="1" name="Memberse.IOSAutomation.iWidgetSwipeTest" time="17.491" errors="0" timestamp="2022-08-10T09:00:05 IST" skipped="0">
  <testcase classname="Memberse.IOSAutomation.iWidgetSwipeTest" name="iWidgetSwipeTestCase" time="17.491"/>
  <system-out/>
</testsuite> <!-- Memberse.IOSAutomation.iWidgetSwipeTest -->
