<?xml version="1.0" encoding="UTF-8"?>
<!-- Generated by org.testng.reporters.JUnitReportReporter -->
<testsuite hostname="Kamals-MacBook-Pro.local" failures="0" tests="1" name="Memberse.IOSAutomation.iLoginWithFacebookTest" time="16.952" errors="0" timestamp="2022-08-12T07:12:04 IST" skipped="0">
  <testcase classname="Memberse.IOSAutomation.iLoginWithFacebookTest" name="iLoginWithFacebookTestCase" time="16.952"/>
  <system-out/>
</testsuite> <!-- Memberse.IOSAutomation.iLoginWithFacebookTest -->
