<?xml version="1.0" encoding="UTF-8"?>
<!-- Generated by org.testng.reporters.JUnitReportReporter -->
<testsuite hostname="Kamals-MacBook-Pro.local" failures="0" tests="1" name="Memberse.IOSAutomation.iLoginWithAppleTest" time="6.787" errors="0" timestamp="2022-08-17T12:17:52 IST" skipped="0">
  <testcase classname="Memberse.IOSAutomation.iLoginWithAppleTest" name="iLoginWithAppleTestCase" time="6.787"/>
  <system-out/>
</testsuite> <!-- Memberse.IOSAutomation.iLoginWithAppleTest -->
